{"C:\\Users\\wsort\\projects\\product-list-app\\app\\(tabs)\\cart.tsx": {"path":"C:\\Users\\wsort\\projects\\product-list-app\\app\\(tabs)\\cart.tsx","statementMap":{"0":{"start":{"line":12,"column":13},"end":{"line":75,"column":1}},"1":{"start":{"line":16,"column":6},"end":{"line":16,"column":15}},"2":{"start":{"line":17,"column":21},"end":{"line":20,"column":3}},"3":{"start":{"line":18,"column":21},"end":{"line":18,"column":42}},"4":{"start":{"line":21,"column":21},"end":{"line":24,"column":3}},"5":{"start":{"line":22,"column":21},"end":{"line":22,"column":55}},"6":{"start":{"line":25,"column":38},"end":{"line":25,"column":53}},"7":{"start":{"line":27,"column":20},"end":{"line":33,"column":8}},"8":{"start":{"line":28,"column":4},"end":{"line":28,"column":24}},"9":{"start":{"line":29,"column":4},"end":{"line":32,"column":13}},"10":{"start":{"line":30,"column":6},"end":{"line":30,"column":18}},"11":{"start":{"line":31,"column":6},"end":{"line":31,"column":27}},"12":{"start":{"line":35,"column":20},"end":{"line":37,"column":3}},"13":{"start":{"line":36,"column":4},"end":{"line":36,"column":43}},"14":{"start":{"line":39,"column":2},"end":{"line":74,"column":4}},"15":{"start":{"line":53,"column":38},"end":{"line":53,"column":62}},"16":{"start":{"line":54,"column":42},"end":{"line":54,"column":73}},"17":{"start":{"line":55,"column":36},"end":{"line":55,"column":54}},"18":{"start":{"line":77,"column":15},"end":{"line":104,"column":2}}},"fnMap":{"0":{"name":"(anonymous_0)","decl":{"start":{"line":12,"column":13},"end":{"line":12,"column":14}},"loc":{"start":{"line":12,"column":19},"end":{"line":75,"column":1}},"line":12},"1":{"name":"(anonymous_1)","decl":{"start":{"line":18,"column":4},"end":{"line":18,"column":5}},"loc":{"start":{"line":18,"column":21},"end":{"line":18,"column":42}},"line":18},"2":{"name":"(anonymous_2)","decl":{"start":{"line":22,"column":4},"end":{"line":22,"column":5}},"loc":{"start":{"line":22,"column":21},"end":{"line":22,"column":55}},"line":22},"3":{"name":"(anonymous_3)","decl":{"start":{"line":27,"column":32},"end":{"line":27,"column":33}},"loc":{"start":{"line":27,"column":38},"end":{"line":33,"column":3}},"line":27},"4":{"name":"(anonymous_4)","decl":{"start":{"line":29,"column":15},"end":{"line":29,"column":16}},"loc":{"start":{"line":29,"column":21},"end":{"line":32,"column":5}},"line":29},"5":{"name":"(anonymous_5)","decl":{"start":{"line":35,"column":20},"end":{"line":35,"column":21}},"loc":{"start":{"line":35,"column":26},"end":{"line":37,"column":3}},"line":35},"6":{"name":"(anonymous_6)","decl":{"start":{"line":53,"column":24},"end":{"line":53,"column":25}},"loc":{"start":{"line":53,"column":38},"end":{"line":53,"column":62}},"line":53},"7":{"name":"(anonymous_7)","decl":{"start":{"line":54,"column":36},"end":{"line":54,"column":37}},"loc":{"start":{"line":54,"column":42},"end":{"line":54,"column":73}},"line":54},"8":{"name":"(anonymous_8)","decl":{"start":{"line":55,"column":26},"end":{"line":55,"column":27}},"loc":{"start":{"line":55,"column":36},"end":{"line":55,"column":54}},"line":55}},"branchMap":{"0":{"loc":{"start":{"line":44,"column":7},"end":{"line":64,"column":7}},"type":"cond-expr","locations":[{"start":{"line":45,"column":8},"end":{"line":45,"column":64}},{"start":{"line":47,"column":8},"end":{"line":63,"column":11}}],"line":44}},"s":{"0":1,"1":10,"2":10,"3":8,"4":10,"5":8,"6":10,"7":10,"8":1,"9":1,"10":1,"11":1,"12":10,"13":2,"14":10,"15":8,"16":0,"17":14,"18":1},"f":{"0":10,"1":8,"2":8,"3":1,"4":1,"5":2,"6":8,"7":0,"8":14},"b":{"0":[2,8]},"_coverageSchema":"1a1c01bbd47fc00a2c39e90264f33305004495a9","hash":"226ced912bfa7374bf4c513bd16d587b5c04060d"}
,"C:\\Users\\wsort\\projects\\product-list-app\\app\\(tabs)\\products\\[id].tsx": {"path":"C:\\Users\\wsort\\projects\\product-list-app\\app\\(tabs)\\products\\[id].tsx","statementMap":{"0":{"start":{"line":22,"column":23},"end":{"line":92,"column":1}},"1":{"start":{"line":23,"column":30},"end":{"line":23,"column":49}},"2":{"start":{"line":24,"column":25},"end":{"line":24,"column":42}},"3":{"start":{"line":29,"column":2},"end":{"line":31,"column":3}},"4":{"start":{"line":30,"column":4},"end":{"line":30,"column":25}},"5":{"start":{"line":33,"column":31},"end":{"line":35,"column":3}},"6":{"start":{"line":34,"column":4},"end":{"line":34,"column":70}},"7":{"start":{"line":37,"column":26},"end":{"line":39,"column":3}},"8":{"start":{"line":38,"column":4},"end":{"line":38,"column":58}},"9":{"start":{"line":41,"column":2},"end":{"line":91,"column":4}},"10":{"start":{"line":94,"column":15},"end":{"line":142,"column":2}}},"fnMap":{"0":{"name":"(anonymous_0)","decl":{"start":{"line":22,"column":23},"end":{"line":22,"column":24}},"loc":{"start":{"line":22,"column":29},"end":{"line":92,"column":1}},"line":22},"1":{"name":"(anonymous_1)","decl":{"start":{"line":33,"column":31},"end":{"line":33,"column":32}},"loc":{"start":{"line":33,"column":37},"end":{"line":35,"column":3}},"line":33},"2":{"name":"(anonymous_2)","decl":{"start":{"line":37,"column":26},"end":{"line":37,"column":27}},"loc":{"start":{"line":37,"column":38},"end":{"line":39,"column":3}},"line":37}},"branchMap":{"0":{"loc":{"start":{"line":29,"column":2},"end":{"line":31,"column":3}},"type":"if","locations":[{"start":{"line":29,"column":2},"end":{"line":31,"column":3}},{"start":{},"end":{}}],"line":29}},"s":{"0":1,"1":4,"2":4,"3":4,"4":1,"5":3,"6":1,"7":3,"8":1,"9":3,"10":1},"f":{"0":4,"1":1,"2":1},"b":{"0":[1,3]},"_coverageSchema":"1a1c01bbd47fc00a2c39e90264f33305004495a9","hash":"f23d9eb82ce3abd29ff21f548e6b0d50ac7d3ee5"}
,"C:\\Users\\wsort\\projects\\product-list-app\\components\\cart\\cart-item-cart.tsx": {"path":"C:\\Users\\wsort\\projects\\product-list-app\\components\\cart\\cart-item-cart.tsx","statementMap":{"0":{"start":{"line":17,"column":17},"end":{"line":69,"column":1}},"1":{"start":{"line":18,"column":25},"end":{"line":18,"column":42}},"2":{"start":{"line":20,"column":26},"end":{"line":22,"column":3}},"3":{"start":{"line":21,"column":4},"end":{"line":21,"column":59}},"4":{"start":{"line":24,"column":26},"end":{"line":26,"column":3}},"5":{"start":{"line":25,"column":4},"end":{"line":25,"column":70}},"6":{"start":{"line":28,"column":23},"end":{"line":30,"column":3}},"7":{"start":{"line":29,"column":4},"end":{"line":29,"column":67}},"8":{"start":{"line":32,"column":2},"end":{"line":68,"column":4}},"9":{"start":{"line":71,"column":15},"end":{"line":96,"column":2}}},"fnMap":{"0":{"name":"(anonymous_0)","decl":{"start":{"line":17,"column":17},"end":{"line":17,"column":18}},"loc":{"start":{"line":17,"column":46},"end":{"line":69,"column":1}},"line":17},"1":{"name":"(anonymous_1)","decl":{"start":{"line":20,"column":26},"end":{"line":20,"column":27}},"loc":{"start":{"line":20,"column":32},"end":{"line":22,"column":3}},"line":20},"2":{"name":"(anonymous_2)","decl":{"start":{"line":24,"column":26},"end":{"line":24,"column":27}},"loc":{"start":{"line":24,"column":32},"end":{"line":26,"column":3}},"line":24},"3":{"name":"(anonymous_3)","decl":{"start":{"line":28,"column":23},"end":{"line":28,"column":24}},"loc":{"start":{"line":28,"column":29},"end":{"line":30,"column":3}},"line":28}},"branchMap":{},"s":{"0":1,"1":8,"2":8,"3":1,"4":8,"5":1,"6":8,"7":1,"8":8,"9":1},"f":{"0":8,"1":1,"2":1,"3":1},"b":{},"_coverageSchema":"1a1c01bbd47fc00a2c39e90264f33305004495a9","hash":"68b532a42433f6ec833188806e67061ec1e685e8"}
,"C:\\Users\\wsort\\projects\\product-list-app\\components\\products\\no-product.tsx": {"path":"C:\\Users\\wsort\\projects\\product-list-app\\components\\products\\no-product.tsx","statementMap":{"0":{"start":{"line":6,"column":18},"end":{"line":24,"column":1}},"1":{"start":{"line":7,"column":17},"end":{"line":7,"column":28}},"2":{"start":{"line":9,"column":23},"end":{"line":11,"column":3}},"3":{"start":{"line":10,"column":4},"end":{"line":10,"column":33}},"4":{"start":{"line":13,"column":2},"end":{"line":23,"column":4}},"5":{"start":{"line":26,"column":15},"end":{"line":37,"column":2}}},"fnMap":{"0":{"name":"(anonymous_0)","decl":{"start":{"line":6,"column":18},"end":{"line":6,"column":19}},"loc":{"start":{"line":6,"column":24},"end":{"line":24,"column":1}},"line":6},"1":{"name":"(anonymous_1)","decl":{"start":{"line":9,"column":23},"end":{"line":9,"column":24}},"loc":{"start":{"line":9,"column":29},"end":{"line":11,"column":3}},"line":9}},"branchMap":{},"s":{"0":1,"1":1,"2":1,"3":1,"4":1,"5":1},"f":{"0":1,"1":1},"b":{},"_coverageSchema":"1a1c01bbd47fc00a2c39e90264f33305004495a9","hash":"bfa998e417695272fcddd8b4fc934ea74bca9d44"}
,"C:\\Users\\wsort\\projects\\product-list-app\\components\\ui\\smart-button.tsx": {"path":"C:\\Users\\wsort\\projects\\product-list-app\\components\\ui\\smart-button.tsx","statementMap":{"0":{"start":{"line":30,"column":20},"end":{"line":69,"column":1}},"1":{"start":{"line":40,"column":2},"end":{"line":68,"column":4}},"2":{"start":{"line":48,"column":32},"end":{"line":58,"column":9}},"3":{"start":{"line":71,"column":15},"end":{"line":82,"column":2}}},"fnMap":{"0":{"name":"(anonymous_0)","decl":{"start":{"line":30,"column":20},"end":{"line":30,"column":21}},"loc":{"start":{"line":39,"column":24},"end":{"line":69,"column":1}},"line":39},"1":{"name":"(anonymous_1)","decl":{"start":{"line":48,"column":15},"end":{"line":48,"column":16}},"loc":{"start":{"line":48,"column":32},"end":{"line":58,"column":9}},"line":48}},"branchMap":{"0":{"loc":{"start":{"line":32,"column":2},"end":{"line":32,"column":34}},"type":"default-arg","locations":[{"start":{"line":32,"column":16},"end":{"line":32,"column":34}}],"line":32},"1":{"loc":{"start":{"line":33,"column":2},"end":{"line":33,"column":35}},"type":"default-arg","locations":[{"start":{"line":33,"column":20},"end":{"line":33,"column":35}}],"line":33},"2":{"loc":{"start":{"line":36,"column":2},"end":{"line":36,"column":18}},"type":"default-arg","locations":[{"start":{"line":36,"column":13},"end":{"line":36,"column":18}}],"line":36},"3":{"loc":{"start":{"line":44,"column":10},"end":{"line":46,"column":23}},"type":"cond-expr","locations":[{"start":{"line":45,"column":14},"end":{"line":45,"column":55}},{"start":{"line":46,"column":14},"end":{"line":46,"column":23}}],"line":44},"4":{"loc":{"start":{"line":50,"column":10},"end":{"line":50,"column":43}},"type":"cond-expr","locations":[{"start":{"line":50,"column":21},"end":{"line":50,"column":36}},{"start":{"line":50,"column":39},"end":{"line":50,"column":43}}],"line":50},"5":{"loc":{"start":{"line":53,"column":14},"end":{"line":55,"column":33}},"type":"cond-expr","locations":[{"start":{"line":54,"column":18},"end":{"line":54,"column":29}},{"start":{"line":55,"column":18},"end":{"line":55,"column":33}}],"line":53},"6":{"loc":{"start":{"line":53,"column":14},"end":{"line":53,"column":59}},"type":"binary-expr","locations":[{"start":{"line":53,"column":14},"end":{"line":53,"column":21}},{"start":{"line":53,"column":25},"end":{"line":53,"column":46}},{"start":{"line":53,"column":50},"end":{"line":53,"column":59}}],"line":53},"7":{"loc":{"start":{"line":59,"column":17},"end":{"line":59,"column":47}},"type":"cond-expr","locations":[{"start":{"line":59,"column":28},"end":{"line":59,"column":37}},{"start":{"line":59,"column":40},"end":{"line":59,"column":47}}],"line":59}},"s":{"0":3,"1":41,"2":41,"3":3},"f":{"0":41,"1":41},"b":{"0":[41],"1":[27],"2":[30],"3":[0,41],"4":[3,38],"5":[0,41],"6":[41,0,0],"7":[3,38]},"_coverageSchema":"1a1c01bbd47fc00a2c39e90264f33305004495a9","hash":"ef14d3e24e5b66f783d20ad888bdd6f1eec1b733"}
,"C:\\Users\\wsort\\projects\\product-list-app\\constants\\colors.ts": {"path":"C:\\Users\\wsort\\projects\\product-list-app\\constants\\colors.ts","statementMap":{"0":{"start":{"line":6,"column":13},"end":{"line":6,"column":22}},"1":{"start":{"line":7,"column":17},"end":{"line":7,"column":26}},"2":{"start":{"line":8,"column":14},"end":{"line":8,"column":20}},"3":{"start":{"line":9,"column":14},"end":{"line":9,"column":23}},"4":{"start":{"line":11,"column":22},"end":{"line":20,"column":1}}},"fnMap":{},"branchMap":{},"s":{"0":3,"1":3,"2":3,"3":3,"4":3},"f":{},"b":{},"_coverageSchema":"1a1c01bbd47fc00a2c39e90264f33305004495a9","hash":"7275cbb031d9954d448db4ba5ea7a25f938ac131"}
,"C:\\Users\\wsort\\projects\\product-list-app\\context\\cart-context.tsx": {"path":"C:\\Users\\wsort\\projects\\product-list-app\\context\\cart-context.tsx","statementMap":{"0":{"start":{"line":12,"column":32},"end":{"line":12,"column":69}},"1":{"start":{"line":14,"column":35},"end":{"line":14,"column":83}},"2":{"start":{"line":16,"column":20},"end":{"line":49,"column":1}},"3":{"start":{"line":17,"column":2},"end":{"line":48,"column":3}},"4":{"start":{"line":19,"column":27},"end":{"line":19,"column":51}},"5":{"start":{"line":20,"column":19},"end":{"line":20,"column":33}},"6":{"start":{"line":21,"column":30},"end":{"line":21,"column":70}},"7":{"start":{"line":22,"column":6},"end":{"line":22,"column":76}},"8":{"start":{"line":23,"column":6},"end":{"line":23,"column":51}},"9":{"start":{"line":26,"column":27},"end":{"line":26,"column":51}},"10":{"start":{"line":27,"column":21},"end":{"line":27,"column":35}},"11":{"start":{"line":28,"column":30},"end":{"line":28,"column":69}},"12":{"start":{"line":29,"column":6},"end":{"line":36,"column":7}},"13":{"start":{"line":30,"column":8},"end":{"line":33,"column":11}},"14":{"start":{"line":35,"column":8},"end":{"line":35,"column":36}},"15":{"start":{"line":37,"column":6},"end":{"line":37,"column":51}},"16":{"start":{"line":40,"column":27},"end":{"line":40,"column":51}},"17":{"start":{"line":41,"column":21},"end":{"line":41,"column":35}},"18":{"start":{"line":42,"column":6},"end":{"line":42,"column":34}},"19":{"start":{"line":43,"column":6},"end":{"line":43,"column":51}},"20":{"start":{"line":45,"column":6},"end":{"line":45,"column":66}},"21":{"start":{"line":47,"column":6},"end":{"line":47,"column":19}},"22":{"start":{"line":55,"column":28},"end":{"line":67,"column":1}},"23":{"start":{"line":56,"column":28},"end":{"line":58,"column":4}},"24":{"start":{"line":60,"column":2},"end":{"line":66,"column":4}},"25":{"start":{"line":73,"column":28},"end":{"line":78,"column":1}},"26":{"start":{"line":74,"column":18},"end":{"line":74,"column":46}},"27":{"start":{"line":75,"column":2},"end":{"line":76,"column":71}},"28":{"start":{"line":76,"column":4},"end":{"line":76,"column":71}},"29":{"start":{"line":77,"column":2},"end":{"line":77,"column":17}},"30":{"start":{"line":85,"column":31},"end":{"line":92,"column":1}},"31":{"start":{"line":86,"column":18},"end":{"line":86,"column":49}},"32":{"start":{"line":87,"column":2},"end":{"line":90,"column":6}},"33":{"start":{"line":88,"column":4},"end":{"line":90,"column":6}},"34":{"start":{"line":91,"column":2},"end":{"line":91,"column":17}},"35":{"start":{"line":98,"column":23},"end":{"line":102,"column":1}},"36":{"start":{"line":99,"column":16},"end":{"line":99,"column":30}},"37":{"start":{"line":100,"column":19},"end":{"line":100,"column":36}},"38":{"start":{"line":101,"column":2},"end":{"line":101,"column":29}}},"fnMap":{"0":{"name":"(anonymous_0)","decl":{"start":{"line":16,"column":20},"end":{"line":16,"column":21}},"loc":{"start":{"line":16,"column":62},"end":{"line":49,"column":1}},"line":16},"1":{"name":"(anonymous_1)","decl":{"start":{"line":55,"column":28},"end":{"line":55,"column":29}},"loc":{"start":{"line":55,"column":77},"end":{"line":67,"column":1}},"line":55},"2":{"name":"(anonymous_2)","decl":{"start":{"line":73,"column":28},"end":{"line":73,"column":29}},"loc":{"start":{"line":73,"column":34},"end":{"line":78,"column":1}},"line":73},"3":{"name":"(anonymous_3)","decl":{"start":{"line":85,"column":31},"end":{"line":85,"column":32}},"loc":{"start":{"line":85,"column":37},"end":{"line":92,"column":1}},"line":85},"4":{"name":"(anonymous_4)","decl":{"start":{"line":98,"column":23},"end":{"line":98,"column":24}},"loc":{"start":{"line":98,"column":29},"end":{"line":102,"column":1}},"line":98}},"branchMap":{"0":{"loc":{"start":{"line":17,"column":2},"end":{"line":48,"column":3}},"type":"switch","locations":[{"start":{"line":18,"column":4},"end":{"line":24,"column":5}},{"start":{"line":25,"column":4},"end":{"line":38,"column":5}},{"start":{"line":39,"column":4},"end":{"line":43,"column":51}},{"start":{"line":44,"column":4},"end":{"line":45,"column":66}},{"start":{"line":46,"column":4},"end":{"line":47,"column":19}}],"line":17},"1":{"loc":{"start":{"line":21,"column":30},"end":{"line":21,"column":70}},"type":"binary-expr","locations":[{"start":{"line":21,"column":30},"end":{"line":21,"column":65}},{"start":{"line":21,"column":69},"end":{"line":21,"column":70}}],"line":21},"2":{"loc":{"start":{"line":28,"column":30},"end":{"line":28,"column":69}},"type":"binary-expr","locations":[{"start":{"line":28,"column":30},"end":{"line":28,"column":64}},{"start":{"line":28,"column":68},"end":{"line":28,"column":69}}],"line":28},"3":{"loc":{"start":{"line":29,"column":6},"end":{"line":36,"column":7}},"type":"if","locations":[{"start":{"line":29,"column":6},"end":{"line":36,"column":7}},{"start":{"line":34,"column":13},"end":{"line":36,"column":7}}],"line":29},"4":{"loc":{"start":{"line":75,"column":2},"end":{"line":76,"column":71}},"type":"if","locations":[{"start":{"line":75,"column":2},"end":{"line":76,"column":71}},{"start":{},"end":{}}],"line":75},"5":{"loc":{"start":{"line":87,"column":2},"end":{"line":90,"column":6}},"type":"if","locations":[{"start":{"line":87,"column":2},"end":{"line":90,"column":6}},{"start":{},"end":{}}],"line":87}},"s":{"0":3,"1":3,"2":3,"3":14,"4":10,"5":10,"6":10,"7":10,"8":10,"9":2,"10":2,"11":2,"12":2,"13":1,"14":1,"15":2,"16":1,"17":1,"18":1,"19":1,"20":1,"21":0,"22":3,"23":21,"24":21,"25":3,"26":31,"27":31,"28":0,"29":31,"30":3,"31":43,"32":43,"33":0,"34":43,"35":3,"36":10,"37":10,"38":10},"f":{"0":14,"1":21,"2":31,"3":43,"4":10},"b":{"0":[10,2,1,1,0],"1":[10,8],"2":[2,0],"3":[1,1],"4":[0,31],"5":[0,43]},"_coverageSchema":"1a1c01bbd47fc00a2c39e90264f33305004495a9","hash":"dce6887ccd67290d44256c9bdf617f6197b96c23"}
,"C:\\Users\\wsort\\projects\\product-list-app\\context\\product-context.tsx": {"path":"C:\\Users\\wsort\\projects\\product-list-app\\context\\product-context.tsx","statementMap":{"0":{"start":{"line":9,"column":30},"end":{"line":9,"column":76}},"1":{"start":{"line":15,"column":31},"end":{"line":23,"column":1}},"2":{"start":{"line":16,"column":48},"end":{"line":16,"column":78}},"3":{"start":{"line":18,"column":2},"end":{"line":22,"column":4}},"4":{"start":{"line":30,"column":33},"end":{"line":36,"column":1}},"5":{"start":{"line":31,"column":18},"end":{"line":31,"column":44}},"6":{"start":{"line":32,"column":2},"end":{"line":34,"column":3}},"7":{"start":{"line":33,"column":4},"end":{"line":33,"column":79}},"8":{"start":{"line":35,"column":2},"end":{"line":35,"column":17}}},"fnMap":{"0":{"name":"(anonymous_0)","decl":{"start":{"line":15,"column":31},"end":{"line":15,"column":32}},"loc":{"start":{"line":15,"column":74},"end":{"line":23,"column":1}},"line":15},"1":{"name":"(anonymous_1)","decl":{"start":{"line":30,"column":33},"end":{"line":30,"column":34}},"loc":{"start":{"line":30,"column":39},"end":{"line":36,"column":1}},"line":30}},"branchMap":{"0":{"loc":{"start":{"line":32,"column":2},"end":{"line":34,"column":3}},"type":"if","locations":[{"start":{"line":32,"column":2},"end":{"line":34,"column":3}},{"start":{},"end":{}}],"line":32}},"s":{"0":1,"1":1,"2":0,"3":0,"4":1,"5":4,"6":4,"7":0,"8":4},"f":{"0":0,"1":4},"b":{"0":[0,4]},"_coverageSchema":"1a1c01bbd47fc00a2c39e90264f33305004495a9","hash":"42d69b8b9223c60a6b425a8cbaa31167fba31ab7"}
,"C:\\Users\\wsort\\projects\\product-list-app\\utils\\ratings.tsx": {"path":"C:\\Users\\wsort\\projects\\product-list-app\\utils\\ratings.tsx","statementMap":{"0":{"start":{"line":8,"column":26},"end":{"line":8,"column":27}},"1":{"start":{"line":17,"column":23},"end":{"line":17,"column":25}},"2":{"start":{"line":18,"column":2},"end":{"line":27,"column":3}},"3":{"start":{"line":18,"column":15},"end":{"line":18,"column":16}},"4":{"start":{"line":19,"column":4},"end":{"line":26,"column":6}},"5":{"start":{"line":28,"column":2},"end":{"line":28,"column":22}}},"fnMap":{"0":{"name":"renderStars","decl":{"start":{"line":16,"column":16},"end":{"line":16,"column":27}},"loc":{"start":{"line":16,"column":44},"end":{"line":29,"column":1}},"line":16}},"branchMap":{"0":{"loc":{"start":{"line":24,"column":15},"end":{"line":24,"column":64}},"type":"cond-expr","locations":[{"start":{"line":24,"column":29},"end":{"line":24,"column":43}},{"start":{"line":24,"column":46},"end":{"line":24,"column":64}}],"line":24}},"s":{"0":1,"1":3,"2":3,"3":3,"4":15,"5":3},"f":{"0":3},"b":{"0":[12,3]},"_coverageSchema":"1a1c01bbd47fc00a2c39e90264f33305004495a9","hash":"c6905e335c71517546a4a558065988178fb36f1c"}
}
