TN:
SF:app\(tabs)\cart.tsx
FN:12,(anonymous_0)
FN:18,(anonymous_1)
FN:22,(anonymous_2)
FN:27,(anonymous_3)
FN:29,(anonymous_4)
FN:35,(anonymous_5)
FN:53,(anonymous_6)
FN:54,(anonymous_7)
FN:55,(anonymous_8)
FNF:9
FNH:8
FNDA:10,(anonymous_0)
FNDA:8,(anonymous_1)
FNDA:8,(anonymous_2)
FNDA:1,(anonymous_3)
FNDA:1,(anonymous_4)
FNDA:2,(anonymous_5)
FNDA:8,(anonymous_6)
FNDA:0,(anonymous_7)
FNDA:14,(anonymous_8)
DA:12,1
DA:16,10
DA:17,10
DA:18,8
DA:21,10
DA:22,8
DA:25,10
DA:27,10
DA:28,1
DA:29,1
DA:30,1
DA:31,1
DA:35,10
DA:36,2
DA:39,10
DA:53,8
DA:54,0
DA:55,14
DA:77,1
LF:19
LH:18
BRDA:44,0,0,2
BRDA:44,0,1,8
BRF:2
BRH:2
end_of_record
TN:
SF:app\(tabs)\products\[id].tsx
FN:22,(anonymous_0)
FN:33,(anonymous_1)
FN:37,(anonymous_2)
FNF:3
FNH:3
FNDA:4,(anonymous_0)
FNDA:1,(anonymous_1)
FNDA:1,(anonymous_2)
DA:22,1
DA:23,4
DA:24,4
DA:29,4
DA:30,1
DA:33,3
DA:34,1
DA:37,3
DA:38,1
DA:41,3
DA:94,1
LF:11
LH:11
BRDA:29,0,0,1
BRDA:29,0,1,3
BRF:2
BRH:2
end_of_record
TN:
SF:components\cart\cart-item-cart.tsx
FN:17,(anonymous_0)
FN:20,(anonymous_1)
FN:24,(anonymous_2)
FN:28,(anonymous_3)
FNF:4
FNH:4
FNDA:8,(anonymous_0)
FNDA:1,(anonymous_1)
FNDA:1,(anonymous_2)
FNDA:1,(anonymous_3)
DA:17,1
DA:18,8
DA:20,8
DA:21,1
DA:24,8
DA:25,1
DA:28,8
DA:29,1
DA:32,8
DA:71,1
LF:10
LH:10
BRF:0
BRH:0
end_of_record
TN:
SF:components\products\no-product.tsx
FN:6,(anonymous_0)
FN:9,(anonymous_1)
FNF:2
FNH:2
FNDA:1,(anonymous_0)
FNDA:1,(anonymous_1)
DA:6,1
DA:7,1
DA:9,1
DA:10,1
DA:13,1
DA:26,1
LF:6
LH:6
BRF:0
BRH:0
end_of_record
TN:
SF:components\ui\smart-button.tsx
FN:30,(anonymous_0)
FN:48,(anonymous_1)
FNF:2
FNH:2
FNDA:41,(anonymous_0)
FNDA:41,(anonymous_1)
DA:30,3
DA:40,41
DA:48,41
DA:71,3
LF:4
LH:4
BRDA:32,0,0,41
BRDA:33,1,0,27
BRDA:36,2,0,30
BRDA:44,3,0,0
BRDA:44,3,1,41
BRDA:50,4,0,3
BRDA:50,4,1,38
BRDA:53,5,0,0
BRDA:53,5,1,41
BRDA:53,6,0,41
BRDA:53,6,1,0
BRDA:53,6,2,0
BRDA:59,7,0,3
BRDA:59,7,1,38
BRF:14
BRH:10
end_of_record
TN:
SF:constants\colors.ts
FNF:0
FNH:0
DA:6,3
DA:7,3
DA:8,3
DA:9,3
DA:11,3
LF:5
LH:5
BRF:0
BRH:0
end_of_record
TN:
SF:context\cart-context.tsx
FN:16,(anonymous_0)
FN:55,(anonymous_1)
FN:73,(anonymous_2)
FN:85,(anonymous_3)
FN:98,(anonymous_4)
FNF:5
FNH:5
FNDA:14,(anonymous_0)
FNDA:21,(anonymous_1)
FNDA:31,(anonymous_2)
FNDA:43,(anonymous_3)
FNDA:10,(anonymous_4)
DA:12,3
DA:14,3
DA:16,3
DA:17,14
DA:19,10
DA:20,10
DA:21,10
DA:22,10
DA:23,10
DA:26,2
DA:27,2
DA:28,2
DA:29,2
DA:30,1
DA:35,1
DA:37,2
DA:40,1
DA:41,1
DA:42,1
DA:43,1
DA:45,1
DA:47,0
DA:55,3
DA:56,21
DA:60,21
DA:73,3
DA:74,31
DA:75,31
DA:76,0
DA:77,31
DA:85,3
DA:86,43
DA:87,43
DA:88,0
DA:91,43
DA:98,3
DA:99,10
DA:100,10
DA:101,10
LF:39
LH:36
BRDA:17,0,0,10
BRDA:17,0,1,2
BRDA:17,0,2,1
BRDA:17,0,3,1
BRDA:17,0,4,0
BRDA:21,1,0,10
BRDA:21,1,1,8
BRDA:28,2,0,2
BRDA:28,2,1,0
BRDA:29,3,0,1
BRDA:29,3,1,1
BRDA:75,4,0,0
BRDA:75,4,1,31
BRDA:87,5,0,0
BRDA:87,5,1,43
BRF:15
BRH:11
end_of_record
TN:
SF:context\product-context.tsx
FN:15,(anonymous_0)
FN:30,(anonymous_1)
FNF:2
FNH:1
FNDA:0,(anonymous_0)
FNDA:4,(anonymous_1)
DA:9,1
DA:15,1
DA:16,0
DA:18,0
DA:30,1
DA:31,4
DA:32,4
DA:33,0
DA:35,4
LF:9
LH:6
BRDA:32,0,0,0
BRDA:32,0,1,4
BRF:2
BRH:1
end_of_record
TN:
SF:utils\ratings.tsx
FN:16,renderStars
FNF:1
FNH:1
FNDA:3,renderStars
DA:8,1
DA:17,3
DA:18,3
DA:19,15
DA:28,3
LF:5
LH:5
BRDA:24,0,0,12
BRDA:24,0,1,3
BRF:2
BRH:2
end_of_record
